rain_reminder/android/app/proguard-rules.pro
# Flutter specific
-keep class io.flutter.app.** { *; }
-keep class io.flutter.plugin.**  { *; }
-keep class io.flutter.util.**  { *; }
-keep class io.flutter.view.**  { *; }
-keep class io.flutter.**  { *; }
-keep class io.flutter.plugins.**  { *; }
-keep class com.dexterous.** { *; }
-keep class net.jodah.** { *; }

# Keep R8 from stripping info needed by reflection
-keepattributes Signature
-keepattributes *Annotation*
-keepattributes EnclosingMethod
-keepattributes InnerClasses

# Keep application classes
-keep class com.example.rain_reminder.** { *; }

# Hive
-keep class * extends com.google.protobuf.GeneratedMessageLite { *; }

# Ignore missing Play Core (not used for split APKs)
-dontwarn com.google.android.play.core.**
-dontwarn com.google.android.play.core.splitcompat.**
-dontwarn com.google.android.play.core.splitinstall.**
-dontwarn com.google.android.play.core.tasks.**