rain_reminder/build/app/outputs/mapping/release/seeds.txt
com.example.rain_reminder.R$drawable
com.example.rain_reminder.R
com.example.rain_reminder.R$mipmap
com.example.rain_reminder.R$style
com.example.rain_reminder.R$color
com.example.rain_reminder.MainActivity
com.example.rain_reminder.R$mipmap: int ic_launcher
com.example.rain_reminder.R$drawable: int ic_launcher_foreground
com.example.rain_reminder.R$color: int ic_launcher_background
com.example.rain_reminder.R$style: int NormalTheme
com.example.rain_reminder.R$style: int LaunchTheme
com.example.rain_reminder.R$drawable: int launch_background
com.example.rain_reminder.R: R()
com.example.rain_reminder.R$color: R$color()
com.example.rain_reminder.MainActivity: MainActivity()
com.example.rain_reminder.R$mipmap: R$mipmap()
com.example.rain_reminder.R$style: R$style()
com.example.rain_reminder.R$drawable: R$drawable()
...
io.flutter.embedding.android.FlutterSurfaceView: void access$300(io.flutter.embedding.android.FlutterSurfaceView,int,int)
io.flutter.embedding.android.FlutterActivity: boolean stillAttachedForEvent(java.lang.String)
io.flutter.embedding.engine.renderer.FlutterRenderer$ViewportMetrics: java.util.List getDisplayCutouts()
io.flutter.view.AccessibilityStringBuilder$StringAttribute: AccessibilityStringBuilder$StringAttribute()
io.flutter.view.AccessibilityBridge$SemanticsNode: java.util.List getStringAttributesFromBuffer(java.nio.ByteBuffer,java.nio.ByteBuffer[])
io.flutter.embedding.android.FlutterFragment$NewEngineInGroupFragmentBuilder: io.flutter.embedding.android.FlutterFragment build()
io.flutter.embedding.engine.systemchannels.PlatformChannel$DeviceOrientation: PlatformChannel$DeviceOrientation(java.lang.String,int,java.lang.String)
com.dexterous.flutterlocalnotifications.ActionBroadcastReceiver: ActionBroadcastReceiver(com.dexterous.flutterlocalnotifications.isolate.IsolatePreferences)
io.flutter.embedding.engine.systemchannels.PlatformViewsChannel2$PlatformViewsHandler: void clearFocus(int)
io.flutter.embedding.engine.FlutterShellArgs: FlutterShellArgs(java.lang.String[])
io.flutter.view.AccessibilityBridge$SemanticsNode: int access$2102(io.flutter.view.AccessibilityBridge$SemanticsNode,int)
io.flutter.embedding.engine.systemchannels.PlatformViewsChannel$PlatformViewsHandler: void resize(io.flutter.embedding.engine.systemchannels.PlatformViewsChannel$PlatformViewResizeRequest,io.flutter.embedding.engine.systemchannels.PlatformViewsChannel$PlatformViewBufferResized)
io.flutter.embedding.engine.dart.DartMessenger$TaskQueueFactory: io.flutter.embedding.engine.dart.DartMessenger$DartMessengerTaskQueue makeBackgroundTaskQueue(io.flutter.plugin.common.BinaryMessenger$TaskQueueOptions)
io.flutter.embedding.android.FlutterView: FlutterView(android.content.Context,io.flutter.embedding.android.RenderMode)
io.flutter.embedding.engine.systemchannels.PlatformViewsChannel$PlatformViewsHandler: void clearFocus(int)
io.flutter.embedding.android.FlutterFragment$CachedEngineFragmentBuilder: io.flutter.embedding.android.FlutterFragment$CachedEngineFragmentBuilder shouldAttachEngineToActivity(boolean)
io.flutter.plugin.editing.ScribePlugin: boolean isFeatureAvailable()
io.flutter.embedding.engine.FlutterEngineConnectionRegistry: void onUserLeaveHint()
io.flutter.view.AccessibilityBridge$CustomAccessibilityAction: int access$3902(io.flutter.view.AccessibilityBridge$CustomAccessibilityAction,int)
io.flutter.embedding.engine.systemchannels.TextInputChannel$Configuration: java.lang.Integer inputActionFromTextInputAction(java.lang.String)
io.flutter.embedding.android.FlutterFragment$NewEngineFragmentBuilder: FlutterFragment$NewEngineFragmentBuilder()
io.flutter.embedding.engine.dart.DartExecutor: void enableBufferingIncomingMessages()
io.flutter.view.VsyncWaiter$DisplayListener: VsyncWaiter$DisplayListener(io.flutter.view.VsyncWaiter,android.hardware.display.DisplayManager)
io.flutter.embedding.engine.plugins.activity.ActivityAware: void onDetachedFromActivityForConfigChanges()
io.flutter.plugin.editing.ScribePlugin: void startStylusHandwriting()
io.flutter.embedding.engine.FlutterJNI: void setAccessibilityDelegate(io.flutter.embedding.engine.FlutterJNI$AccessibilityDelegate)
androidx.fragment.app.Fragment: void onDestroyOptionsMenu()
io.flutter.plugin.editing.TextInputPlugin: android.view.inputmethod.InputMethodManager access$100(io.flutter.plugin.editing.TextInputPlugin)
io.flutter.embedding.engine.image.ImageDecoderDefaultImpl: ImageDecoderDefaultImpl(io.flutter.embedding.engine.image.FlutterImageDecoder$HeaderListener)