rain_reminder/build/app/outputs/mapping/release/mapping.txt
# compiler: R8
# compiler_version: 8.11.18
# min_api: 24
# common_typos_disable
# {"id":"com.android.tools.r8.mapping","version":"2.2"}
# pg_map_id: a229a4f
# pg_map_hash: SHA-256 a229a4f7da9604eecdff0759be2c931f8b154011275afd983dcb0ea8ec6be480
com.example.rain_reminder.MainActivity -> com.example.rain_reminder.MainActivity:
# {"id":"sourceFile","fileName":"MainActivity.kt"}
    1:4:void <init>():5:5 -> <init>
...
androidx.work.impl.WorkerWrapperKt -> W.K:
# {"id":"sourceFile","fileName":"WorkerWrapper.kt"}
    java.lang.String TAG -> a
    1:14:void <clinit>():535:535 -> <clinit>
    1:8:java.lang.Object awaitWithin(com.google.common.util.concurrent.ListenableFuture,androidx.work.ListenableWorker,kotlin.coroutines.Continuation):543:543 -> a
      # {"id":"com.android.tools.r8.residualsignature","signature":"(LL0/a;LV/z;Le1/f;)Ljava/lang/Object;"}
    9:14:java.lang.Object getUninterruptibly(java.util.concurrent.Future):592:592 -> a
    9:14:java.lang.Object awaitWithin(com.google.common.util.concurrent.ListenableFuture,androidx.work.ListenableWorker,kotlin.coroutines.Continuation):543 -> a
    15:35:java.lang.Object getUninterruptibly(java.util.concurrent.Future):599:599 -> a
    15:35:java.lang.Object awaitWithin(com.google.common.util.concurrent.ListenableFuture,androidx.work.ListenableWorker,kotlin.coroutines.Continuation):543 -> a
    36:44:java.lang.Object awaitWithin(com.google.common.util.concurrent.ListenableFuture,androidx.work.ListenableWorker,kotlin.coroutines.Continuation):609:609 -> a
    45:47:java.lang.Object awaitWithin(com.google.common.util.concurrent.ListenableFuture,androidx.work.ListenableWorker,kotlin.coroutines.Continuation):615:615 -> a
    48:58:java.lang.Object awaitWithin(com.google.common.util.concurrent.ListenableFuture,androidx.work.ListenableWorker,kotlin.coroutines.Continuation):554:554 -> a
androidx.work.impl.WorkerWrapperKt$awaitWithin$2$1 -> W.J:
# {"id":"sourceFile","fileName":"WorkerWrapper.kt"}
    int W.WorkerWrapperKt$awaitWithin$2$1.$r8$classId -> c
      # {"id":"com.android.tools.r8.synthesized"}
    androidx.work.ListenableWorker $worker -> d
      # {"id":"com.android.tools.r8.residualsignature","signature":"Ljava/lang/Object;"}
    com.google.common.util.concurrent.ListenableFuture $this_awaitWithin -> e
      # {"id":"com.android.tools.r8.residualsignature","signature":"Ljava/lang/Object;"}
    1:1:void W.WorkerWrapperKt$awaitWithin$2$1.<init>(java.lang.Object,int,java.lang.Object):0:0 -> <init>
      # {"id":"com.android.tools.r8.synthesized"}
    6:7:java.lang.Object kotlinx.coroutines.android.HandlerContext$scheduleResumeAfterDelay$1.invoke(java.lang.Object):151:151 -> g
    8:11:void kotlinx.coroutines.android.HandlerContext$scheduleResumeAfterDelay$1.invoke(java.lang.Throwable):151:151 -> g
    8:11:java.lang.Object kotlinx.coroutines.android.HandlerContext$scheduleResumeAfterDelay$1.invoke(java.lang.Object):151 -> g
    12:13:android.os.Handler kotlinx.coroutines.android.HandlerContext.access$getHandler$p(kotlinx.coroutines.android.HandlerContext):114:114 -> g
    12:13:void kotlinx.coroutines.android.HandlerContext$scheduleResumeAfterDelay$1.invoke(java.lang.Throwable):151 -> g
    12:13:java.lang.Object kotlinx.coroutines.android.HandlerContext$scheduleResumeAfterDelay$1.invoke(java.lang.Object):151 -> g