rain_reminder/build/app/outputs/mapping/release/usage.txt
com.google.android.gms.location.LastLocationRequest$Builder
com.google.android.gms.location.LastLocationRequest:
    public final int getGranularity()
    public final long getMaxUpdateAgeMillis()
com.google.android.gms.location.LocationAvailability:
    public static final com.google.android.gms.location.LocationAvailability zza
    public static final com.google.android.gms.location.LocationAvailability zzb
    public final boolean isLocationAvailable()
com.google.android.gms.location.LocationCallback
com.google.android.gms.location.LocationRequest$Builder
com.google.android.gms.location.LocationRequest:
    public static long getDurationMillis()
    public final int getGranularity()
    public static long getIntervalMillis()
    public final long getMaxUpdateAgeMillis()
    public static long getMaxUpdateDelayMillis()
    public static int getMaxUpdates()
    public static float getMinUpdateDistanceMeters()
    public static long getMinUpdateIntervalMillis()
    public static int getPriority()
    public final boolean isPassive()
    public static boolean isWaitForAccurateLocation()
    public static com.google.android.gms.location.LocationRequest setFastestInterval()
    public static com.google.android.gms.location.LocationRequest setInterval()
    public static com.google.android.gms.location.LocationRequest setPriority()
    public static com.google.android.gms.location.LocationRequest setSmallestDisplacement()
    public static int zza()
    public static boolean zzb()
    public static android.os.WorkSource zzc()
    public static com.google.android.gms.internal.location.zze zzd()
com.google.android.gms.location.LocationResult:
    public static android.location.Location getLastLocation()
    public static java.util.List getLocations()
com.google.android.gms.location.LocationServices:
    public static final com.google.android.gms.common.api.Api API
    public static final com.google.android.gms.internal.location.zzbb FusedLocationApi
    public static final com.google.android.gms.internal.location.zzcr GeofencingApi
    public static final com.google.android.gms.internal.location.zzcz SettingsApi
    public static com.google.android.gms.internal.location.zzda getSettingsClient(android.content.Context)
com.google.android.gms.location.LocationSettingsRequest$Builder
com.google.android.gms.location.LocationSettingsResponse:
    public static com.google.android.gms.location.LocationSettingsStates getLocationSettingsStates()
    public static com.google.android.gms.common.api.Result getResult()
com.google.android.gms.location.LocationSettingsResult:
    public static com.google.android.gms.location.LocationSettingsStates getLocationSettingsStates()
    public final com.google.android.gms.common.api.Status getStatus()
com.google.android.gms.location.LocationSettingsStates:
    public static boolean isBlePresent()
    public static boolean isBleUsable()
    public static boolean isGpsPresent()
    public static boolean isGpsUsable()
    public static boolean isNetworkLocationPresent()
    public static boolean isNetworkLocationUsable()
com.google.android.gms.location.SettingsApi
com.google.android.gms.location.SettingsClient
com.google.android.gms.location.zzak:
    public static final synthetic int zza
    public static final java.lang.StringBuilder zzd
com.google.android.gms.location.zzar